Build started 9.10.2013 19:42:19.
     1>Project "F:\CEN133-SOFTWARE ENGINEER\PROJECTS\LEAST COMMON MULTIPLE  ( LCM )\LEAST COMMON MULTIPLE  ( LCM )\LEAST COMMON MULTIPLE  ( LCM ).vcxproj" on node 2 (rebuild target(s)).
     1>_PrepareForClean:
         Deleting file "Debug\LEAST COMMON MULTIPLE  ( LCM ).lastbuildstate".
       InitializeBuildStatus:
         Creating "Debug\LEAST COMMON MULTIPLE  ( LCM ).unsuccessfulbuild" because "AlwaysCreate" was specified.
       ClCompile:
         C:\Program Files (x86)\Microsoft Visual Studio 10.0\VC\bin\CL.exe /c /ZI /nologo /W3 /WX- /Od /Oy- /D "WIN32" /D _DEBUG /D _CONSOLE /D "_UNICODE" /D "UNICODE" /Gm /EHsc /RTC1 /MDd /GS /fp:precise /Zc:wchar_t /Zc:forScope /Fo"Debug\\" /Fd"Debug\vc100.pdb" /Gd /TC /analyze- /errorReport:prompt LCM.c
         LCM.c
     1>f:\cen133-software engineer\projects\least common multiple  ( lcm )\least common multiple  ( lcm )\lcm.c(12): warning C4996: 'scanf': This function or variable may be unsafe. Consider using scanf_s instead. To disable deprecation, use _CRT_SECURE_NO_WARNINGS. See online help for details.
                 c:\program files (x86)\microsoft visual studio 10.0\vc\include\stdio.h(304) : see declaration of 'scanf'
     1>f:\cen133-software engineer\projects\least common multiple  ( lcm )\least common multiple  ( lcm )\lcm.c(14): warning C4996: 'scanf': This function or variable may be unsafe. Consider using scanf_s instead. To disable deprecation, use _CRT_SECURE_NO_WARNINGS. See online help for details.
                 c:\program files (x86)\microsoft visual studio 10.0\vc\include\stdio.h(304) : see declaration of 'scanf'
       ManifestResourceCompile:
         C:\Program Files (x86)\Microsoft SDKs\Windows\v7.0A\bin\rc.exe /nologo /fo"Debug\LEAST COMMON MULTIPLE  ( LCM ).exe.embed.manifest.res" "Debug\LEAST COMMON MULTIPLE  ( LCM )_manifest.rc" 
       Link:
         C:\Program Files (x86)\Microsoft Visual Studio 10.0\VC\bin\link.exe /ERRORREPORT:PROMPT /OUT:"F:\CEN133-SOFTWARE ENGINEER\PROJECTS\LEAST COMMON MULTIPLE  ( LCM )\Debug\LEAST COMMON MULTIPLE  ( LCM ).exe" /INCREMENTAL /NOLOGO kernel32.lib user32.lib gdi32.lib winspool.lib comdlg32.lib advapi32.lib shell32.lib ole32.lib oleaut32.lib uuid.lib odbc32.lib odbccp32.lib /MANIFEST /ManifestFile:"Debug\LEAST COMMON MULTIPLE  ( LCM ).exe.intermediate.manifest" /MANIFESTUAC:"level='asInvoker' uiAccess='false'" /DEBUG /PDB:"F:\CEN133-SOFTWARE ENGINEER\PROJECTS\LEAST COMMON MULTIPLE  ( LCM )\Debug\LEAST COMMON MULTIPLE  ( LCM ).pdb" /SUBSYSTEM:CONSOLE /TLBID:1 /DYNAMICBASE /NXCOMPAT /IMPLIB:"F:\CEN133-SOFTWARE ENGINEER\PROJECTS\LEAST COMMON MULTIPLE  ( LCM )\Debug\LEAST COMMON MULTIPLE  ( LCM ).lib" /MACHINE:X86 "Debug\LEAST COMMON MULTIPLE  ( LCM ).exe.embed.manifest.res"
         Debug\LCM.obj
       Manifest:
         Deleting file "Debug\LEAST COMMON MULTIPLE  ( LCM ).exe.embed.manifest".
         C:\Program Files (x86)\Microsoft SDKs\Windows\v7.0A\bin\mt.exe /nologo /verbose /out:"Debug\LEAST COMMON MULTIPLE  ( LCM ).exe.embed.manifest" /manifest "Debug\LEAST COMMON MULTIPLE  ( LCM ).exe.intermediate.manifest"
         C:\Program Files (x86)\Microsoft SDKs\Windows\v7.0A\bin\rc.exe /nologo /fo"Debug\LEAST COMMON MULTIPLE  ( LCM ).exe.embed.manifest.res" "Debug\LEAST COMMON MULTIPLE  ( LCM )_manifest.rc" 
       LinkEmbedManifest:
         C:\Program Files (x86)\Microsoft Visual Studio 10.0\VC\bin\link.exe /ERRORREPORT:PROMPT /OUT:"F:\CEN133-SOFTWARE ENGINEER\PROJECTS\LEAST COMMON MULTIPLE  ( LCM )\Debug\LEAST COMMON MULTIPLE  ( LCM ).exe" /INCREMENTAL /NOLOGO kernel32.lib user32.lib gdi32.lib winspool.lib comdlg32.lib advapi32.lib shell32.lib ole32.lib oleaut32.lib uuid.lib odbc32.lib odbccp32.lib /MANIFEST /ManifestFile:"Debug\LEAST COMMON MULTIPLE  ( LCM ).exe.intermediate.manifest" /MANIFESTUAC:"level='asInvoker' uiAccess='false'" /DEBUG /PDB:"F:\CEN133-SOFTWARE ENGINEER\PROJECTS\LEAST COMMON MULTIPLE  ( LCM )\Debug\LEAST COMMON MULTIPLE  ( LCM ).pdb" /SUBSYSTEM:CONSOLE /TLBID:1 /DYNAMICBASE /NXCOMPAT /IMPLIB:"F:\CEN133-SOFTWARE ENGINEER\PROJECTS\LEAST COMMON MULTIPLE  ( LCM )\Debug\LEAST COMMON MULTIPLE  ( LCM ).lib" /MACHINE:X86 "Debug\LEAST COMMON MULTIPLE  ( LCM ).exe.embed.manifest.res"
         Debug\LCM.obj
         LEAST COMMON MULTIPLE  ( LCM ).vcxproj -> F:\CEN133-SOFTWARE ENGINEER\PROJECTS\LEAST COMMON MULTIPLE  ( LCM )\Debug\LEAST COMMON MULTIPLE  ( LCM ).exe
       FinalizeBuildStatus:
         Deleting file "Debug\LEAST COMMON MULTIPLE  ( LCM ).unsuccessfulbuild".
         Touching "Debug\LEAST COMMON MULTIPLE  ( LCM ).lastbuildstate".
     1>Done Building Project "F:\CEN133-SOFTWARE ENGINEER\PROJECTS\LEAST COMMON MULTIPLE  ( LCM )\LEAST COMMON MULTIPLE  ( LCM )\LEAST COMMON MULTIPLE  ( LCM ).vcxproj" (rebuild target(s)).

Build succeeded.

Time Elapsed 00:00:00.94
