F:\CEN133-SOFTWARE ENGINEER\PROJECTS\LEAST COMMON MULTIPLE  ( LCM )\DEBUG\LEAST COMMON MULTIPLE  ( LCM ).EXE
F:\CEN133-SOFTWARE ENGINEER\PROJECTS\LEAST COMMON MULTIPLE  ( LCM )\Debug\LEAST COMMON MULTIPLE  ( LCM ).ilk
F:\CEN133-SOFTWARE ENGINEER\PROJECTS\LEAST COMMON MULTIPLE  ( LCM )\DEBUG\LEAST COMMON MULTIPLE  ( LCM ).PDB
F:\CEN133-SOFTWARE ENGINEER\PROJECTS\LEAST COMMON MULTIPLE  ( LCM )\LEAST COMMON MULTIPLE  ( LCM )\Debug\cl.command.1.tlog
F:\CEN133-SOFTWARE ENGINEER\PROJECTS\LEAST COMMON MULTIPLE  ( LCM )\LEAST COMMON MULTIPLE  ( LCM )\Debug\CL.read.1.tlog
F:\CEN133-SOFTWARE ENGINEER\PROJECTS\LEAST COMMON MULTIPLE  ( LCM )\LEAST COMMON MULTIPLE  ( LCM )\Debug\CL.write.1.tlog
F:\CEN133-SOFTWARE ENGINEER\PROJECTS\LEAST COMMON MULTIPLE  ( LCM )\LEAST COMMON MULTIPLE  ( LCM )\DEBUG\LCM.OBJ
F:\CEN133-SOFTWARE ENGINEER\PROJECTS\LEAST COMMON MULTIPLE  ( LCM )\LEAST COMMON MULTIPLE  ( LCM )\DEBUG\LEAST COMMON MULTIPLE  ( LCM ).EXE.EMBED.MANIFEST
F:\CEN133-SOFTWARE ENGINEER\PROJECTS\LEAST COMMON MULTIPLE  ( LCM )\LEAST COMMON MULTIPLE  ( LCM )\DEBUG\LEAST COMMON MULTIPLE  ( LCM ).EXE.EMBED.MANIFEST.RES
F:\CEN133-SOFTWARE ENGINEER\PROJECTS\LEAST COMMON MULTIPLE  ( LCM )\LEAST COMMON MULTIPLE  ( LCM )\Debug\LEAST COMMON MULTIPLE  ( LCM ).exe.embed.manifest
F:\CEN133-SOFTWARE ENGINEER\PROJECTS\LEAST COMMON MULTIPLE  ( LCM )\LEAST COMMON MULTIPLE  ( LCM )\Debug\LEAST COMMON MULTIPLE  ( LCM ).exe.embed.manifest.res
F:\CEN133-SOFTWARE ENGINEER\PROJECTS\LEAST COMMON MULTIPLE  ( LCM )\LEAST COMMON MULTIPLE  ( LCM )\Debug\LEAST COMMON MULTIPLE  ( LCM ).exe.intermediate.manifest
F:\CEN133-SOFTWARE ENGINEER\PROJECTS\LEAST COMMON MULTIPLE  ( LCM )\LEAST COMMON MULTIPLE  ( LCM )\Debug\LEAST COMMON MULTIPLE  ( LCM ).write.1.tlog
F:\CEN133-SOFTWARE ENGINEER\PROJECTS\LEAST COMMON MULTIPLE  ( LCM )\LEAST COMMON MULTIPLE  ( LCM )\Debug\LEAST COMMON MULTIPLE  ( LCM )_manifest.rc
F:\CEN133-SOFTWARE ENGINEER\PROJECTS\LEAST COMMON MULTIPLE  ( LCM )\LEAST COMMON MULTIPLE  ( LCM )\Debug\link.4384.read.1.tlog
F:\CEN133-SOFTWARE ENGINEER\PROJECTS\LEAST COMMON MULTIPLE  ( LCM )\LEAST COMMON MULTIPLE  ( LCM )\Debug\link.4384.write.1.tlog
F:\CEN133-SOFTWARE ENGINEER\PROJECTS\LEAST COMMON MULTIPLE  ( LCM )\LEAST COMMON MULTIPLE  ( LCM )\Debug\link.4384-cvtres.read.1.tlog
F:\CEN133-SOFTWARE ENGINEER\PROJECTS\LEAST COMMON MULTIPLE  ( LCM )\LEAST COMMON MULTIPLE  ( LCM )\Debug\link.4384-cvtres.write.1.tlog
F:\CEN133-SOFTWARE ENGINEER\PROJECTS\LEAST COMMON MULTIPLE  ( LCM )\LEAST COMMON MULTIPLE  ( LCM )\Debug\link.command.1.tlog
F:\CEN133-SOFTWARE ENGINEER\PROJECTS\LEAST COMMON MULTIPLE  ( LCM )\LEAST COMMON MULTIPLE  ( LCM )\Debug\link.read.1.tlog
F:\CEN133-SOFTWARE ENGINEER\PROJECTS\LEAST COMMON MULTIPLE  ( LCM )\LEAST COMMON MULTIPLE  ( LCM )\Debug\link.write.1.tlog
F:\CEN133-SOFTWARE ENGINEER\PROJECTS\LEAST COMMON MULTIPLE  ( LCM )\LEAST COMMON MULTIPLE  ( LCM )\Debug\link-cvtres.read.1.tlog
F:\CEN133-SOFTWARE ENGINEER\PROJECTS\LEAST COMMON MULTIPLE  ( LCM )\LEAST COMMON MULTIPLE  ( LCM )\Debug\link-cvtres.write.1.tlog
F:\CEN133-SOFTWARE ENGINEER\PROJECTS\LEAST COMMON MULTIPLE  ( LCM )\LEAST COMMON MULTIPLE  ( LCM )\Debug\mt.command.1.tlog
F:\CEN133-SOFTWARE ENGINEER\PROJECTS\LEAST COMMON MULTIPLE  ( LCM )\LEAST COMMON MULTIPLE  ( LCM )\Debug\mt.read.1.tlog
F:\CEN133-SOFTWARE ENGINEER\PROJECTS\LEAST COMMON MULTIPLE  ( LCM )\LEAST COMMON MULTIPLE  ( LCM )\Debug\mt.write.1.tlog
F:\CEN133-SOFTWARE ENGINEER\PROJECTS\LEAST COMMON MULTIPLE  ( LCM )\LEAST COMMON MULTIPLE  ( LCM )\Debug\rc.command.1.tlog
F:\CEN133-SOFTWARE ENGINEER\PROJECTS\LEAST COMMON MULTIPLE  ( LCM )\LEAST COMMON MULTIPLE  ( LCM )\Debug\rc.read.1.tlog
F:\CEN133-SOFTWARE ENGINEER\PROJECTS\LEAST COMMON MULTIPLE  ( LCM )\LEAST COMMON MULTIPLE  ( LCM )\Debug\rc.write.1.tlog
F:\CEN133-SOFTWARE ENGINEER\PROJECTS\LEAST COMMON MULTIPLE  ( LCM )\LEAST COMMON MULTIPLE  ( LCM )\Debug\vc100.idb
F:\CEN133-SOFTWARE ENGINEER\PROJECTS\LEAST COMMON MULTIPLE  ( LCM )\LEAST COMMON MULTIPLE  ( LCM )\DEBUG\VC100.PDB
